[2021-01-04T22:50:36.964] [DEBUG] cheese - login => username:user,password:123
[2021-01-04T22:50:36.965] [DEBUG] cheese - user
[2021-01-04T22:50:36.980] [DEBUG] cheese - null
[2021-01-04T22:50:36.981] [DEBUG] cheese - null
[2021-01-04T22:50:52.041] [DEBUG] cheese - login => username:admin,password:123456
[2021-01-04T22:50:52.042] [DEBUG] cheese - admin
[2021-01-04T22:50:52.049] [DEBUG] cheese - null
[2021-01-04T22:50:52.050] [DEBUG] cheese - null
[2021-01-04T22:53:28.802] [DEBUG] cheese - login => username:admin,password:123456
[2021-01-04T22:53:28.802] [DEBUG] cheese - admin
[2021-01-04T22:53:28.810] [DEBUG] cheese - null
[2021-01-04T22:53:28.810] [DEBUG] cheese - null
[2021-01-04T22:58:25.597] [DEBUG] cheese - login => username:admin,password:123456
[2021-01-04T22:58:25.598] [DEBUG] cheese - admin
[2021-01-04T22:58:25.602] [DEBUG] cheese - null
[2021-01-04T22:58:25.602] [DEBUG] cheese - null
[2021-01-04T22:58:50.329] [DEBUG] cheese - login => username:admin,password:123456
[2021-01-04T22:58:50.330] [DEBUG] cheese - admin
[2021-01-04T22:58:50.334] [DEBUG] cheese - null
[2021-01-04T22:58:50.334] [DEBUG] cheese - null
[2021-01-04T23:03:11.814] [DEBUG] cheese - login => username:admin,password:123456
[2021-01-04T23:03:11.814] [DEBUG] cheese - admin
[2021-01-04T23:03:11.820] [DEBUG] cheese - null
[2021-01-04T23:03:11.820] [DEBUG] cheese - null
[2021-01-04T23:05:41.429] [DEBUG] cheese - login => username:admin,password:123456
[2021-01-04T23:05:41.430] [DEBUG] cheese - admin
[2021-01-04T23:05:41.437] [DEBUG] cheese - null
[2021-01-04T23:05:41.438] [DEBUG] cheese - null
[2021-01-04T23:13:58.955] [DEBUG] cheese - login => username:admin,password:123456
[2021-01-04T23:13:58.955] [DEBUG] cheese - admin
[2021-01-04T23:13:58.977] [DEBUG] cheese - null
[2021-01-04T23:13:58.977] [DEBUG] cheese - null
